\BOOKMARK [1][-]{section.1}{Introduction}{}% 1
\BOOKMARK [1][-]{section.2}{Input Representation}{}% 2
\BOOKMARK [2][-]{subsection.2.1}{TF-IDF scheme}{section.2}% 3
\BOOKMARK [3][-]{subsubsection.2.1.1}{Formulation}{subsection.2.1}% 4
\BOOKMARK [3][-]{subsubsection.2.1.2}{Limitation}{subsection.2.1}% 5
\BOOKMARK [2][-]{subsection.2.2}{SVD - text representation}{section.2}% 6
\BOOKMARK [3][-]{subsubsection.2.2.1}{Formulation}{subsection.2.2}% 7
\BOOKMARK [2][-]{subsection.2.3}{LDA - text representation\(incomplete\)}{section.2}% 8
\BOOKMARK [3][-]{subsubsection.2.3.1}{Formulation}{subsection.2.3}% 9
\BOOKMARK [3][-]{subsubsection.2.3.2}{Mathematical Formulation}{subsection.2.3}% 10
\BOOKMARK [2][-]{subsection.2.4}{Word2Vec}{section.2}% 11
\BOOKMARK [3][-]{subsubsection.2.4.1}{Continuous Bag of Words \(CBOW\)}{subsection.2.4}% 12
\BOOKMARK [3][-]{subsubsection.2.4.2}{SkipGram}{subsection.2.4}% 13
\BOOKMARK [3][-]{subsubsection.2.4.3}{Negative Sampling}{subsection.2.4}% 14
\BOOKMARK [2][-]{subsection.2.5}{GloVe}{section.2}% 15
\BOOKMARK [3][-]{subsubsection.2.5.1}{Formulation}{subsection.2.5}% 16
\BOOKMARK [3][-]{subsubsection.2.5.2}{Embeddings reflect Social bias}{subsection.2.5}% 17
\BOOKMARK [3][-]{subsubsection.2.5.3}{Identifying and quantifying bias in embeddings}{subsection.2.5}% 18
\BOOKMARK [2][-]{subsection.2.6}{FastText}{section.2}% 19
\BOOKMARK [3][-]{subsubsection.2.6.1}{Formulation}{subsection.2.6}% 20
\BOOKMARK [2][-]{subsection.2.7}{Summary - GloVe, Word2Vec, FastText}{section.2}% 21
\BOOKMARK [1][-]{section.3}{Language Modelling and Smoothing}{}% 22
\BOOKMARK [2][-]{subsection.3.1}{N-gram models}{section.3}% 23
\BOOKMARK [2][-]{subsection.3.2}{Smoothing techniques for LMs}{section.3}% 24
\BOOKMARK [3][-]{subsubsection.3.2.1}{Add-One Smoothing}{subsection.3.2}% 25
\BOOKMARK [3][-]{subsubsection.3.2.2}{Add-k Smoothing}{subsection.3.2}% 26
\BOOKMARK [3][-]{subsubsection.3.2.3}{Backoff}{subsection.3.2}% 27
\BOOKMARK [3][-]{subsubsection.3.2.4}{Interpolation}{subsection.3.2}% 28
\BOOKMARK [3][-]{subsubsection.3.2.5}{Absolute Discounting}{subsection.3.2}% 29
